<?xml version="1.0" encoding="UTF-8"?>
<coverage generated="1688800453308" clover="3.2.0">
  <project timestamp="1688800453308" name="All files">
    <metrics statements="2" coveredstatements="2" conditionals="0" coveredconditionals="0" methods="2" coveredmethods="2" elements="4" coveredelements="4" complexity="0" loc="2" ncloc="2" packages="1" files="2" classes="2"/>
    <file name="index.js" path="/Users/01422266/Desktop/kelh/npm/utils/src/index.js">
      <metrics statements="0" coveredstatements="0" conditionals="0" coveredconditionals="0" methods="0" coveredmethods="0"/>
    </file>
    <file name="string.js" path="/Users/01422266/Desktop/kelh/npm/utils/src/string.js">
      <metrics statements="2" coveredstatements="2" conditionals="0" coveredconditionals="0" methods="2" coveredmethods="2"/>
      <line num="9" count="1" type="stmt"/>
      <line num="10" count="4" type="stmt"/>
    </file>
  </project>
</coverage>
