{"/Users/01422266/Desktop/kelh/npm/utils/src/index.js": {"path":"/Users/01422266/Desktop/kelh/npm/utils/src/index.js","statementMap":{},"fnMap":{},"branchMap":{},"s":{},"f":{},"b":{},"_coverageSchema":"1a1c01bbd47fc00a2c39e90264f33305004495a9","hash":"ca622846fa74a4bb1521233f827966d5c529a48a"}
,"/Users/01422266/Desktop/kelh/npm/utils/src/string.js": {"path":"/Users/01422266/Desktop/kelh/npm/utils/src/string.js","statementMap":{"0":{"start":{"line":9,"column":25},"end":{"line":11,"column":1}},"1":{"start":{"line":10,"column":2},"end":{"line":10,"column":60}},"2":{"start":{"line":10,"column":44},"end":{"line":10,"column":59}}},"fnMap":{"0":{"name":"(anonymous_0)","decl":{"start":{"line":9,"column":25},"end":{"line":9,"column":26}},"loc":{"start":{"line":9,"column":34},"end":{"line":11,"column":1}},"line":9},"1":{"name":"(anonymous_1)","decl":{"start":{"line":10,"column":34},"end":{"line":10,"column":35}},"loc":{"start":{"line":10,"column":44},"end":{"line":10,"column":59}},"line":10}},"branchMap":{},"s":{"0":1,"1":4,"2":3},"f":{"0":4,"1":3},"b":{},"_coverageSchema":"1a1c01bbd47fc00a2c39e90264f33305004495a9","hash":"c3f99c4a33316d3528d0800013c295274feee73e"}
}
